<?xml version="1.0" encoding="UTF-8"?>
<testsuite xmlns:xsi="http://www.w3.org/2001/XMLSchema-instance" xsi:noNamespaceSchemaLocation="https://maven.apache.org/surefire/maven-failsafe-plugin/xsd/failsafe-test-report-3.0.xsd" version="3.0" name="com.example.importservice.consumer.VdpWineryConsumerIT" time="11.572" tests="1" errors="0" skipped="0" failures="0">
  <properties>
[...]
</properties>
  <testcase name="shouldConsumeMessageAndTransform" classname="com.example.importservice.consumer.VdpWineryConsumerIT" time="0.165">
    <system-out><![CDATA[08:26:35.839 [main] INFO org.springframework.test.context.support.AnnotationConfigContextLoaderUtils -- Could not detect default configuration classes for test class [com.example.importservice.consumer.VdpWineryConsumerIT]: VdpWineryConsumerIT does not declare any static, non-private, non-final, nested classes annotated with @Configuration.
08:26:35.909 [main] INFO org.springframework.boot.test.context.SpringBootTestContextBootstrapper -- Found @SpringBootConfiguration com.example.importservice.TransformerServiceApplication for test class com.example.importservice.consumer.VdpWineryConsumerIT
08:26:35.984 [main] INFO org.testcontainers.images.PullPolicy -- Image pull policy will be performed by: DefaultPullPolicy()
08:26:35.986 [main] INFO org.testcontainers.utility.ImageNameSubstitutor -- Image name substitution will be performed by: DefaultImageNameSubstitutor (composite of 'ConfigurationFileImageNameSubstitutor' and 'PrefixingImageNameSubstitutor')
08:26:36.017 [main] INFO org.testcontainers.DockerClientFactory -- Testcontainers version: 1.21.3
08:26:36.157 [main] INFO org.testcontainers.dockerclient.DockerClientProviderStrategy -- Loaded org.testcontainers.dockerclient.UnixSocketClientProviderStrategy from ~/.testcontainers.properties, will try it first
08:26:36.314 [main] INFO org.testcontainers.dockerclient.DockerClientProviderStrategy -- Found Docker environment with local Unix socket (unix:///var/run/docker.sock)
08:26:36.315 [main] INFO org.testcontainers.DockerClientFactory -- Docker host IP address is localhost
08:26:36.326 [main] INFO org.testcontainers.DockerClientFactory -- Connected to docker: 
  Server Version: 28.0.4
  API Version: 1.48
  Operating System: Docker Desktop
  Total Memory: 7837 MB
  Labels: 
    com.docker.desktop.address=unix:///Users/jonascampos/Library/Containers/com.docker.docker/Data/docker-cli.sock
08:26:36.340 [main] INFO tc.testcontainers/ryuk:0.12.0 -- Creating container for image: testcontainers/ryuk:0.12.0
08:26:36.483 [main] INFO org.testcontainers.utility.RegistryAuthLocator -- Credential helper/store (docker-credential-desktop) does not have credentials for https://index.docker.io/v1/
08:26:36.581 [main] INFO tc.testcontainers/ryuk:0.12.0 -- Container testcontainers/ryuk:0.12.0 is starting: b7343f9bcf80fd88546843d05453835bdc11a9704881714b35fc30e76d7fb5b0
08:26:36.777 [main] INFO tc.testcontainers/ryuk:0.12.0 -- Container testcontainers/ryuk:0.12.0 started in PT0.437423S
08:26:36.782 [main] INFO org.testcontainers.utility.RyukResourceReaper -- Ryuk started - will monitor and terminate Testcontainers containers on JVM exit
08:26:36.782 [main] INFO org.testcontainers.DockerClientFactory -- Checking the system...
08:26:36.783 [main] INFO org.testcontainers.DockerClientFactory -- ✔︎ Docker server version should be at least 1.6.0
08:26:36.783 [main] INFO tc.rabbitmq:3.13-management -- Creating container for image: rabbitmq:3.13-management
08:26:36.818 [main] INFO tc.rabbitmq:3.13-management -- Container rabbitmq:3.13-management is starting: f6cc1e097d13975928ec92e8e8d8dbee018a9b7b2fb4809e02d2a21e8e08d58b
08:26:45.189 [main] INFO tc.rabbitmq:3.13-management -- Container rabbitmq:3.13-management started in PT8.405585S

  .   ____          _            __ _ _
 /\\ / ___'_ __ _ _(_)_ __  __ _ \ \ \ \
( ( )\___ | '_ | '_| | '_ \/ _` | \ \ \ \
 \\/  ___)| |_)| | | | | || (_| |  ) ) ) )
  '  |____| .__|_| |_|_| |_\__, | / / / /
 =========|_|==============|___/=/_/_/_/

 :: Spring Boot ::                (v3.3.3)

2025-08-21T08:26:45.337+05:45  INFO 32498 --- [           main] c.e.i.consumer.VdpWineryConsumerIT       : Starting VdpWineryConsumerIT using Java 24.0.1 with PID 32498 (started by jonascampos in /Users/jonascampos/Development/MCP/wine/apps/transformer-service/app)
2025-08-21T08:26:45.338+05:45  INFO 32498 --- [           main] c.e.i.consumer.VdpWineryConsumerIT       : The following 1 profile is active: "test"
Listening to queue: vdp_wineries
2025-08-21T08:26:46.679+05:45  INFO 32498 --- [           main] o.s.a.r.c.CachingConnectionFactory       : Attempting to connect to: [localhost:56290]
2025-08-21T08:26:46.706+05:45  INFO 32498 --- [           main] o.s.a.r.c.CachingConnectionFactory       : Created new connection: rabbitConnectionFactory#a6dffdb:0/SimpleConnection@42403dc6 [delegate=amqp://guest@127.0.0.1:56290/, localPort=56297]
2025-08-21T08:26:46.756+05:45  INFO 32498 --- [           main] c.e.i.consumer.VdpWineryConsumerIT       : Started VdpWineryConsumerIT in 1.545 seconds (process running for 11.314)
]]></system-out>
    <system-err><![CDATA[WARNING: A Java agent has been loaded dynamically (/Users/jonascampos/.m2/repository/net/bytebuddy/byte-buddy-agent/1.14.19/byte-buddy-agent-1.14.19.jar)
WARNING: If a serviceability tool is in use, please run with -XX:+EnableDynamicAgentLoading to hide this warning
WARNING: If a serviceability tool is not in use, please run with -Djdk.instrument.traceUsage for more information
WARNING: Dynamic loading of agents will be disallowed by default in a future release
]]></system-err>
  </testcase>
</testsuite>