<?xml version="1.0" encoding="UTF-8"?>
<testsuite xmlns:xsi="http://www.w3.org/2001/XMLSchema-instance" xsi:noNamespaceSchemaLocation="https://maven.apache.org/surefire/maven-failsafe-plugin/xsd/failsafe-test-report-3.0.xsd" version="3.0" name="com.github.sanandroid.importservice.consumer.VdpWineryConsumerIT" time="16.769" tests="1" errors="0" skipped="0" failures="0">
  <properties>
[...]
</properties>
  <testcase name="shouldConsumeMessageAndTransform" classname="com.github.sanandroid.importservice.consumer.VdpWineryConsumerIT" time="0.263">
    <system-out><![CDATA[16:39:44.599 [main] INFO org.springframework.test.context.support.AnnotationConfigContextLoaderUtils -- Could not detect default configuration classes for test class [com.github.sanandroid.importservice.consumer.VdpWineryConsumerIT]: VdpWineryConsumerIT does not declare any static, non-private, non-final, nested classes annotated with @Configuration.
16:39:44.668 [main] INFO org.springframework.boot.test.context.SpringBootTestContextBootstrapper -- Found @SpringBootConfiguration com.github.sanandroid.importservice.TransformerServiceApplication for test class com.github.sanandroid.importservice.consumer.VdpWineryConsumerIT
16:39:44.735 [main] INFO org.testcontainers.images.PullPolicy -- Image pull policy will be performed by: DefaultPullPolicy()
16:39:44.737 [main] INFO org.testcontainers.utility.ImageNameSubstitutor -- Image name substitution will be performed by: DefaultImageNameSubstitutor (composite of 'ConfigurationFileImageNameSubstitutor' and 'PrefixingImageNameSubstitutor')
16:39:44.763 [main] INFO org.testcontainers.DockerClientFactory -- Testcontainers version: 1.21.3
16:39:44.901 [main] INFO org.testcontainers.dockerclient.DockerClientProviderStrategy -- Loaded org.testcontainers.dockerclient.UnixSocketClientProviderStrategy from ~/.testcontainers.properties, will try it first
16:39:45.065 [main] INFO org.testcontainers.dockerclient.DockerClientProviderStrategy -- Found Docker environment with local Unix socket (unix:///var/run/docker.sock)
16:39:45.066 [main] INFO org.testcontainers.DockerClientFactory -- Docker host IP address is localhost
16:39:45.082 [main] INFO org.testcontainers.DockerClientFactory -- Connected to docker: 
  Server Version: 28.0.4
  API Version: 1.48
  Operating System: Docker Desktop
  Total Memory: 7837 MB
  Labels: 
    com.docker.desktop.address=unix:///Users/jonascampos/Library/Containers/com.docker.docker/Data/docker-cli.sock
16:39:45.098 [main] INFO tc.testcontainers/ryuk:0.12.0 -- Creating container for image: testcontainers/ryuk:0.12.0
16:39:45.236 [main] INFO org.testcontainers.utility.RegistryAuthLocator -- Credential helper/store (docker-credential-desktop) does not have credentials for https://index.docker.io/v1/
16:39:45.309 [main] INFO tc.testcontainers/ryuk:0.12.0 -- Container testcontainers/ryuk:0.12.0 is starting: f623a4d91faaf6d2a882cfbe1ba13887a9e0d84a5e19042b1b32dea5069ff5b4
16:39:45.516 [main] INFO tc.testcontainers/ryuk:0.12.0 -- Container testcontainers/ryuk:0.12.0 started in PT0.41818S
16:39:45.522 [main] INFO org.testcontainers.utility.RyukResourceReaper -- Ryuk started - will monitor and terminate Testcontainers containers on JVM exit
16:39:45.523 [main] INFO org.testcontainers.DockerClientFactory -- Checking the system...
16:39:45.523 [main] INFO org.testcontainers.DockerClientFactory -- ✔︎ Docker server version should be at least 1.6.0
16:39:45.523 [main] INFO tc.rabbitmq:3.13-management -- Creating container for image: rabbitmq:3.13-management
16:39:45.572 [main] INFO tc.rabbitmq:3.13-management -- Container rabbitmq:3.13-management is starting: beb5abe9428f73f55f31fb155cba9b4a4c16854249ba04258d87135cbdccea0b
16:39:54.190 [main] INFO tc.rabbitmq:3.13-management -- Container rabbitmq:3.13-management started in PT8.667012S
16:39:54.192 [main] INFO tc.pgvector/pgvector:pg16 -- Creating container for image: pgvector/pgvector:pg16
16:39:54.230 [main] INFO tc.pgvector/pgvector:pg16 -- Container pgvector/pgvector:pg16 is starting: 7335a226db2fc2480ac9b07c8ac2611239acbe33c6cd86488a82526ecfa77a9a
16:39:55.221 [main] INFO tc.pgvector/pgvector:pg16 -- Container pgvector/pgvector:pg16 started in PT1.029403S
16:39:55.223 [main] INFO tc.pgvector/pgvector:pg16 -- Container is started (JDBC URL: jdbc:postgresql://localhost:58979/test?loggerLevel=OFF)

  .   ____          _            __ _ _
 /\\ / ___'_ __ _ _(_)_ __  __ _ \ \ \ \
( ( )\___ | '_ | '_| | '_ \/ _` | \ \ \ \
 \\/  ___)| |_)| | | | | || (_| |  ) ) ) )
  '  |____| .__|_| |_|_| |_\__, | / / / /
 =========|_|==============|___/=/_/_/_/

 :: Spring Boot ::                (v3.3.3)

2025-08-22T16:39:55.402+05:45  INFO 19746 --- [vector-service] [           main] c.g.s.i.consumer.VdpWineryConsumerIT     : Starting VdpWineryConsumerIT using Java 21 with PID 19746 (started by jonascampos in /Users/jonascampos/Development/MCP/wine/apps/transformer-service/transformer-service/app)
2025-08-22T16:39:55.403+05:45  INFO 19746 --- [vector-service] [           main] c.g.s.i.consumer.VdpWineryConsumerIT     : The following 1 profile is active: "test"
2025-08-22T16:39:55.748+05:45  INFO 19746 --- [vector-service] [           main] .s.d.r.c.RepositoryConfigurationDelegate : Bootstrapping Spring Data JPA repositories in DEFAULT mode.
2025-08-22T16:39:55.788+05:45  INFO 19746 --- [vector-service] [           main] .s.d.r.c.RepositoryConfigurationDelegate : Finished Spring Data repository scanning in 37 ms. Found 1 JPA repository interface.
2025-08-22T16:39:56.746+05:45  INFO 19746 --- [vector-service] [           main] com.zaxxer.hikari.HikariDataSource       : HikariPool-1 - Starting...
2025-08-22T16:39:56.872+05:45  INFO 19746 --- [vector-service] [           main] com.zaxxer.hikari.pool.HikariPool        : HikariPool-1 - Added connection org.postgresql.jdbc.PgConnection@457b8fc3
2025-08-22T16:39:56.873+05:45  INFO 19746 --- [vector-service] [           main] com.zaxxer.hikari.HikariDataSource       : HikariPool-1 - Start completed.
2025-08-22T16:39:57.077+05:45  INFO 19746 --- [vector-service] [           main] liquibase.database                       : Set default schema name to public
2025-08-22T16:39:57.293+05:45  INFO 19746 --- [vector-service] [           main] liquibase.changelog                      : Creating database changelog table with name: public.databasechangelog
2025-08-22T16:39:57.316+05:45  INFO 19746 --- [vector-service] [           main] liquibase.changelog                      : Reading from public.databasechangelog
2025-08-22T16:39:57.332+05:45  INFO 19746 --- [vector-service] [           main] liquibase.snapshot                       : Creating snapshot
2025-08-22T16:39:57.401+05:45  INFO 19746 --- [vector-service] [           main] liquibase.lockservice                    : Successfully acquired change log lock
2025-08-22T16:39:57.402+05:45  INFO 19746 --- [vector-service] [           main] liquibase.command                        : Using deploymentId: 5860096735
2025-08-22T16:39:57.404+05:45  INFO 19746 --- [vector-service] [           main] liquibase.changelog                      : Reading from public.databasechangelog
2025-08-22T16:39:57.427+05:45  INFO 19746 --- [vector-service] [           main] liquibase.ui                             : Running Changeset: db/changelog/db.changelog-master.yaml::001-create-wineries::you
2025-08-22T16:39:57.441+05:45  INFO 19746 --- [vector-service] [           main] liquibase.changelog                      : Table wineries created
2025-08-22T16:39:57.442+05:45  INFO 19746 --- [vector-service] [           main] liquibase.changelog                      : ChangeSet db/changelog/db.changelog-master.yaml::001-create-wineries::you ran successfully in 14ms
2025-08-22T16:39:57.448+05:45  INFO 19746 --- [vector-service] [           main] liquibase.ui                             : Running Changeset: db/changelog/db.changelog-master.yaml::002-add-embedding::you
2025-08-22T16:39:57.464+05:45  INFO 19746 --- [vector-service] [           main] liquibase.changelog                      : Custom SQL executed
2025-08-22T16:39:57.466+05:45  INFO 19746 --- [vector-service] [           main] liquibase.changelog                      : Custom SQL executed
2025-08-22T16:39:57.472+05:45  INFO 19746 --- [vector-service] [           main] liquibase.ui                             : ivfflat index created with little data
2025-08-22T16:39:57.472+05:45  INFO 19746 --- [vector-service] [           main] liquibase.changelog                      : Custom SQL executed
2025-08-22T16:39:57.473+05:45  INFO 19746 --- [vector-service] [           main] liquibase.changelog                      : ChangeSet db/changelog/db.changelog-master.yaml::002-add-embedding::you ran successfully in 25ms
2025-08-22T16:39:57.479+05:45  INFO 19746 --- [vector-service] [           main] liquibase.util                           : UPDATE SUMMARY
2025-08-22T16:39:57.479+05:45  INFO 19746 --- [vector-service] [           main] liquibase.util                           : Run:                          2
2025-08-22T16:39:57.479+05:45  INFO 19746 --- [vector-service] [           main] liquibase.util                           : Previously run:               0
2025-08-22T16:39:57.479+05:45  INFO 19746 --- [vector-service] [           main] liquibase.util                           : Filtered out:                 0
2025-08-22T16:39:57.479+05:45  INFO 19746 --- [vector-service] [           main] liquibase.util                           : -------------------------------
2025-08-22T16:39:57.479+05:45  INFO 19746 --- [vector-service] [           main] liquibase.util                           : Total change sets:            2
2025-08-22T16:39:57.480+05:45  INFO 19746 --- [vector-service] [           main] liquibase.util                           : Update summary generated
2025-08-22T16:39:57.481+05:45  INFO 19746 --- [vector-service] [           main] liquibase.command                        : Update command completed successfully.
2025-08-22T16:39:57.481+05:45  INFO 19746 --- [vector-service] [           main] liquibase.ui                             : Liquibase: Update has been successful. Rows affected: 0
2025-08-22T16:39:57.484+05:45  INFO 19746 --- [vector-service] [           main] liquibase.lockservice                    : Successfully released change log lock
2025-08-22T16:39:57.486+05:45  INFO 19746 --- [vector-service] [           main] liquibase.command                        : Command execution complete
2025-08-22T16:39:58.976+05:45  INFO 19746 --- [vector-service] [           main] o.hibernate.jpa.internal.util.LogHelper  : HHH000204: Processing PersistenceUnitInfo [name: default]
2025-08-22T16:39:59.009+05:45  INFO 19746 --- [vector-service] [           main] org.hibernate.Version                    : HHH000412: Hibernate ORM core version 6.5.2.Final
2025-08-22T16:39:59.029+05:45  INFO 19746 --- [vector-service] [           main] o.h.c.internal.RegionFactoryInitiator    : HHH000026: Second-level cache disabled
2025-08-22T16:39:59.102+05:45  WARN 19746 --- [vector-service] [           main] org.hibernate.orm.deprecation            : HHH90000025: PostgreSQLDialect does not need to be specified explicitly using 'hibernate.dialect' (remove the property setting and it will be selected by default)
2025-08-22T16:39:59.143+05:45  INFO 19746 --- [vector-service] [           main] o.s.o.j.p.SpringPersistenceUnitInfo      : No LoadTimeWeaver setup: ignoring JPA class transformer
2025-08-22T16:39:59.576+05:45  INFO 19746 --- [vector-service] [           main] o.h.e.t.j.p.i.JtaPlatformInitiator       : HHH000489: No JTA platform available (set 'hibernate.transaction.jta.platform' to enable JTA platform integration)
Hibernate: 
    alter table if exists wineries 
       alter column features set data type text
Hibernate: 
    alter table if exists wineries 
       alter column geology set data type text
Hibernate: 
    alter table if exists wineries 
       alter column lagen set data type text
Hibernate: 
    alter table if exists wineries 
       alter column memberships set data type text
Hibernate: 
    alter table if exists wineries 
       alter column opening_hours set data type text
Hibernate: 
    alter table if exists wineries 
       alter column varieties set data type text
Hibernate: 
    create index idx_winery_name_region 
       on wineries (name, region)
Hibernate: 
    alter table if exists wineries 
       drop constraint if exists uk_winery_website
2025-08-22T16:39:59.618+05:45  WARN 19746 --- [vector-service] [           main] o.h.engine.jdbc.spi.SqlExceptionHelper   : SQL Warning Code: 0, SQLState: 00000
2025-08-22T16:39:59.618+05:45  WARN 19746 --- [vector-service] [           main] o.h.engine.jdbc.spi.SqlExceptionHelper   : constraint "uk_winery_website" of relation "wineries" does not exist, skipping
Hibernate: 
    alter table if exists wineries 
       add constraint uk_winery_website unique (website)
2025-08-22T16:39:59.621+05:45  INFO 19746 --- [vector-service] [           main] j.LocalContainerEntityManagerFactoryBean : Initialized JPA EntityManagerFactory for persistence unit 'default'
Listening to queue: vdp_wineries
2025-08-22T16:40:00.086+05:45  WARN 19746 --- [vector-service] [           main] JpaBaseConfiguration$JpaWebConfiguration : spring.jpa.open-in-view is enabled by default. Therefore, database queries may be performed during view rendering. Explicitly configure spring.jpa.open-in-view to disable this warning
2025-08-22T16:40:00.360+05:45  INFO 19746 --- [vector-service] [           main] o.s.a.r.c.CachingConnectionFactory       : Attempting to connect to: [localhost:58969]
2025-08-22T16:40:00.387+05:45  INFO 19746 --- [vector-service] [           main] o.s.a.r.c.CachingConnectionFactory       : Created new connection: rabbitConnectionFactory#7537f638:0/SimpleConnection@6ea04064 [delegate=amqp://guest@127.0.0.1:58969/, localPort=58997]
2025-08-22T16:40:00.427+05:45  INFO 19746 --- [vector-service] [           main] c.g.s.i.consumer.VdpWineryConsumerIT     : Started VdpWineryConsumerIT in 5.167 seconds (process running for 16.282)
Hibernate: 
    insert 
    into
        wineries
        (cellar_master, created_at, email, embedding, features, geology, hectares, lagen, memberships, name, opening_hours, organic_cert, owners, phone, postal_city, region, source_url, sparkling, street, sustainability_cert, updated_at, varieties, website, id) 
    values
        (?, ?, ?, cast(? as vector), ?, ?, ?, ?, ?, ?, ?, ?, ?, ?, ?, ?, ?, ?, ?, ?, ?, ?, ?, ?)
Hibernate: 
    select
        we1_0.id,
        we1_0.cellar_master,
        we1_0.created_at,
        we1_0.email,
        we1_0.embedding,
        we1_0.features,
        we1_0.geology,
        we1_0.hectares,
        we1_0.lagen,
        we1_0.memberships,
        we1_0.name,
        we1_0.opening_hours,
        we1_0.organic_cert,
        we1_0.owners,
        we1_0.phone,
        we1_0.postal_city,
        we1_0.region,
        we1_0.source_url,
        we1_0.sparkling,
        we1_0.street,
        we1_0.sustainability_cert,
        we1_0.updated_at,
        we1_0.varieties,
        we1_0.website 
    from
        wineries we1_0
]]></system-out>
    <system-err><![CDATA[WARNING: A Java agent has been loaded dynamically (/Users/jonascampos/.m2/repository/net/bytebuddy/byte-buddy-agent/1.14.19/byte-buddy-agent-1.14.19.jar)
WARNING: If a serviceability tool is in use, please run with -XX:+EnableDynamicAgentLoading to hide this warning
WARNING: If a serviceability tool is not in use, please run with -Djdk.instrument.traceUsage for more information
WARNING: Dynamic loading of agents will be disallowed by default in a future release
]]></system-err>
  </testcase>
</testsuite>